<?xml version="1.0" encoding="UTF-8"?>
<testsuite xmlns:xsi="http://www.w3.org/2001/XMLSchema-instance" xsi:noNamespaceSchemaLocation="https://maven.apache.org/surefire/maven-surefire-plugin/xsd/surefire-test-report-3.0.xsd" version="3.0" name="ua.tests.TeacherTest" time="1.077" tests="18" errors="0" skipped="0" failures="0">
  <properties>
[...]
</properties>
  <testcase name="testInvalidFirstName(String)[1]" classname="ua.tests.TeacherTest" time="0.065"/>
  <testcase name="testInvalidFirstName(String)[2]" classname="ua.tests.TeacherTest" time="0.002"/>
  <testcase name="testInvalidFirstName(String)[3]" classname="ua.tests.TeacherTest" time="0.001"/>
  <testcase name="testInvalidFirstName(String)[4]" classname="ua.tests.TeacherTest" time="0.001"/>
  <testcase name="testInvalidExperienceYears(int)[1]" classname="ua.tests.TeacherTest" time="0.006"/>
  <testcase name="testInvalidExperienceYears(int)[2]" classname="ua.tests.TeacherTest" time="0.001"/>
  <testcase name="testInvalidExperienceYears(int)[3]" classname="ua.tests.TeacherTest" time="0.002"/>
  <testcase name="testInvalidExperienceYears(int)[4]" classname="ua.tests.TeacherTest" time="0.0"/>
  <testcase name="testValidTeacherCreation(String, String, String, int, String, boolean)[1]" classname="ua.tests.TeacherTest" time="0.69"/>
  <testcase name="testValidTeacherCreation(String, String, String, int, String, boolean)[2]" classname="ua.tests.TeacherTest" time="0.002"/>
  <testcase name="testValidTeacherCreation(String, String, String, int, String, boolean)[3]" classname="ua.tests.TeacherTest" time="0.002"/>
  <testcase name="testToString" classname="ua.tests.TeacherTest" time="0.002"/>
  <testcase name="testEqualsAndHashCode" classname="ua.tests.TeacherTest" time="0.202"/>
  <testcase name="testIsExperienced(int, boolean)[1]" classname="ua.tests.TeacherTest" time="0.004"/>
  <testcase name="testIsExperienced(int, boolean)[2]" classname="ua.tests.TeacherTest" time="0.0"/>
  <testcase name="testIsExperienced(int, boolean)[3]" classname="ua.tests.TeacherTest" time="0.001"/>
  <testcase name="testIsExperienced(int, boolean)[4]" classname="ua.tests.TeacherTest" time="0.0"/>
  <testcase name="testIsExperienced(int, boolean)[5]" classname="ua.tests.TeacherTest" time="0.0"/>
</testsuite>